<?xml version="1.0" encoding="UTF-8"?>
<!-- Generated by org.testng.reporters.JUnitXMLReporter -->
<testsuite hostname="DESKTOP-LAO6R8V" ignored="1" name="Smoke Test" tests="1" failures="0" timestamp="2022-12-13T14:08:26 GMT" time="9.157" errors="0">
  <testcase name="VerifyUserShouldNotLoginWithInvalidDataAndVerifyErrorMessage" time="2.751" classname="com.ultimateqa.testsuite.LoginPageTest"/>
  <testcase name="verifyUserShouldDNavigateToLoginPageSuccessfully" time="0.0" classname="com.ultimateqa.testsuite.LoginPageTest">
    <ignored/>
  </testcase> <!-- verifyUserShouldDNavigateToLoginPageSuccessfully -->
</testsuite> <!-- Smoke Test -->
