<?xml version="1.0" encoding="UTF-8"?>
<!-- Generated by org.testng.reporters.JUnitXMLReporter -->
<testsuite hostname="DESKTOP-LAO6R8V" ignored="1" name="Sanity Test" tests="1" failures="0" timestamp="2022-12-13T14:07:07 GMT" time="7.894" errors="0">
  <testcase name="verifyUserShouldDNavigateToLoginPageSuccessfully" time="1.267" classname="com.ultimateqa.testsuite.LoginPageTest"/>
  <testcase name="VerifyUserShouldNotLoginWithInvalidDataAndVerifyErrorMessage" time="0.0" classname="com.ultimateqa.testsuite.LoginPageTest">
    <ignored/>
  </testcase> <!-- VerifyUserShouldNotLoginWithInvalidDataAndVerifyErrorMessage -->
</testsuite> <!-- Sanity Test -->
