<?xml version="1.0" encoding="UTF-8"?>
<!-- Generated by org.testng.reporters.JUnitXMLReporter -->
<testsuite hostname="DESKTOP-LAO6R8V" ignored="0" name="Smoke Test" tests="2" failures="0" timestamp="2022-12-13T14:10:03 GMT" time="14.296" errors="0">
  <testcase name="VerifyUserShouldNotLoginWithInvalidDataAndVerifyErrorMessage" time="2.62" classname="com.ultimateqa.testsuite.LoginPageTest"/>
  <testcase name="verifyUserShouldDNavigateToLoginPageSuccessfully" time="1.205" classname="com.ultimateqa.testsuite.LoginPageTest"/>
</testsuite> <!-- Smoke Test -->
