<?xml version="1.0" encoding="UTF-8"?>
<testsuite name="Login Test"
           tests="2"
           failures="0"
           errors="0"
           skipped="0"
           time="4.356">
  <properties />
  
  
            <testcase name="VerifyUserShouldNotLoginWithInvalidDataAndVerifyErrorMessage" time="2.691" classname="com.ultimateqa.testsuite.LoginPageTest" />
                <testcase name="verifyUserShouldDNavigateToLoginPageSuccessfully" time="1.665" classname="com.ultimateqa.testsuite.LoginPageTest" />
      
</testsuite>
